(---------------------------------------------------------------------)
(                                                                     )
(    Allegro Netrev Import Logic                                      )
(                                                                     )
(    Drawing          : SCHEMA_BLOC.brd                               )
(    Software Version : 17.2S025                                      )
(    Date/Time        : Tue Nov 26 20:16:47 2024                      )
(                                                                     )
(---------------------------------------------------------------------)


------ Directives ------------

Ripup etch:                  Yes
Ripup delete first segment:  No
Ripup retain bondwire:       No
Ripup symbols:               Always
Missing symbol has error:    No
DRC update:                  Yes
Schematic directory:         'C:\USERS\ANDREI CIUHUREANU\DESKTOP\PROIECT 1(CEF 2)\ETAPA 2\PROIECT\allegro'
Design Directory:            'C:/USERS/ANDREI CIUHUREANU/DESKTOP/PROIECT 1(CEF 2)/ETAPA 2/PROIECT/allegro'
Old design name:             'C:/Users/Andrei Ciuhureanu/Desktop/Proiect 1(CEF 2)/Etapa 2/Proiect/allegro/SCHEMA_BLOC.brd'
New design name:             'C:/USERS/ANDREI CIUHUREANU/DESKTOP/PROIECT 1(CEF 2)/ETAPA 2/PROIECT/allegro/SCHEMA_BLOC.brd'

CmdLine: netrev.exe -y 1 -x -i C:\USERS\ANDREI CIUHUREANU\DESKTOP\PROIECT 1(CEF 2)\ETAPA 2\PROIECT\allegro C:\Users\Andrei Ciuhureanu\Desktop\Proiect 1(CEF 2)\Etapa 2\Proiect\allegro\SCHEMA_BLOC.brd C:\USERS\ANDREI CIUHUREANU\DESKTOP\PROIECT 1(CEF 2)\ETAPA 2\PROIECT\allegro\SCHEMA_BLOC.brd

------ Preparing to read pst files ------

Starting to read C:/USERS/ANDREI CIUHUREANU/DESKTOP/PROIECT 1(CEF 2)/ETAPA 2/PROIECT/allegro/pstchip.dat 
   Finished reading C:/USERS/ANDREI CIUHUREANU/DESKTOP/PROIECT 1(CEF 2)/ETAPA 2/PROIECT/allegro/pstchip.dat (00:00:00.03)
Starting to read C:/USERS/ANDREI CIUHUREANU/DESKTOP/PROIECT 1(CEF 2)/ETAPA 2/PROIECT/allegro/pstxprt.dat 
   Finished reading C:/USERS/ANDREI CIUHUREANU/DESKTOP/PROIECT 1(CEF 2)/ETAPA 2/PROIECT/allegro/pstxprt.dat (00:00:00.00)
Starting to read C:/USERS/ANDREI CIUHUREANU/DESKTOP/PROIECT 1(CEF 2)/ETAPA 2/PROIECT/allegro/pstxnet.dat 
   Finished reading C:/USERS/ANDREI CIUHUREANU/DESKTOP/PROIECT 1(CEF 2)/ETAPA 2/PROIECT/allegro/pstxnet.dat (00:00:00.00)

------ Oversights/Warnings/Errors ------


------ Library Paths ------
MODULEPATH =  . 
           D:/OrCAD/share/local/pcb/modules 

PSMPATH =  . 
           symbols 
           .. 
           ../symbols 
           D:/OrCAD/share/local/pcb/symbols 
           D:/OrCAD/share/pcb/pcb_lib/symbols 
           D:/OrCAD/share/pcb/allegrolib/symbols 

PADPATH =  . 
           symbols 
           .. 
           ../symbols 
           D:/OrCAD/share/local/pcb/padstacks 
           D:/OrCAD/share/pcb/pcb_lib/symbols 
           D:/OrCAD/share/pcb/allegrolib/symbols 


------ Summary Statistics ------


netrev run on Nov 26 20:16:47 2024
   DESIGN NAME : 'SCHEMA_BLOC'
   PACKAGING ON Jul 30 2017 03:29:02

   COMPILE 'logic'
   CHECK_PIN_NAMES OFF
   CROSS_REFERENCE OFF
   FEEDBACK OFF
   INCREMENTAL OFF
   INTERFACE_TYPE PHYSICAL
   MAX_ERRORS 500
   MERGE_MINIMUM 5
   NET_NAME_CHARS '#%&()*+-./:=>?@[]^_`|'
   NET_NAME_LENGTH 24
   OVERSIGHTS ON
   REPLACE_CHECK OFF
   SINGLE_NODE_NETS ON
   SPLIT_MINIMUM 0
   SUPPRESS   20
   WARNINGS ON

 No error detected
 No oversight detected
 No warning detected

cpu time      0:00:18
elapsed time  0:00:00

